0 info it worked if it ends with ok
1 verbose cli [ '/usr/bin/node', '/usr/bin/npm', 'install', '-g', 'react-tools' ]
2 info using npm@1.4.28
3 info using node@v0.10.37
4 verbose node symlink /usr/bin/node
5 verbose cache add [ 'react-tools', null ]
6 verbose cache add name=undefined spec="react-tools" args=["react-tools",null]
7 verbose parsed url { protocol: null,
7 verbose parsed url   slashes: null,
7 verbose parsed url   auth: null,
7 verbose parsed url   host: null,
7 verbose parsed url   port: null,
7 verbose parsed url   hostname: null,
7 verbose parsed url   hash: null,
7 verbose parsed url   search: null,
7 verbose parsed url   query: null,
7 verbose parsed url   pathname: 'react-tools',
7 verbose parsed url   path: 'react-tools',
7 verbose parsed url   href: 'react-tools' }
8 silly lockFile 0f761efe-react-tools react-tools
9 verbose lock react-tools /home/boom/.npm/0f761efe-react-tools.lock
10 silly lockFile 0f761efe-react-tools react-tools
11 silly lockFile 0f761efe-react-tools react-tools
12 verbose addNamed [ 'react-tools', '' ]
13 verbose addNamed [ null, '*' ]
14 silly lockFile 47fcd5e0-react-tools react-tools@
15 verbose lock react-tools@ /home/boom/.npm/47fcd5e0-react-tools.lock
16 silly addNameRange { name: 'react-tools', range: '*', hasData: false }
17 verbose request where is /react-tools
18 verbose request registry https://registry.npmjs.org/
19 verbose request id 16344634da62e799
20 verbose url raw /react-tools
21 verbose url resolving [ 'https://registry.npmjs.org/', './react-tools' ]
22 verbose url resolved https://registry.npmjs.org/react-tools
23 verbose request where is https://registry.npmjs.org/react-tools
24 info trying registry request attempt 1 at 22:53:42
25 verbose etag "16KJK3HEXIU7DDN2BVOBEBS5W"
26 http GET https://registry.npmjs.org/react-tools
27 http 304 https://registry.npmjs.org/react-tools
28 silly registry.get cb [ 304,
28 silly registry.get   { date: 'Tue, 23 Jun 2015 05:53:43 GMT',
28 silly registry.get     via: '1.1 varnish',
28 silly registry.get     'cache-control': 'max-age=60',
28 silly registry.get     etag: '"16KJK3HEXIU7DDN2BVOBEBS5W"',
28 silly registry.get     age: '22',
28 silly registry.get     connection: 'keep-alive',
28 silly registry.get     'x-served-by': 'cache-lax1421-LAX',
28 silly registry.get     'x-cache': 'HIT',
28 silly registry.get     'x-cache-hits': '1',
28 silly registry.get     'x-timer': 'S1435038823.240184,VS0,VE1',
28 silly registry.get     vary: 'Accept' } ]
29 verbose etag https://registry.npmjs.org/react-tools from cache
30 silly addNameRange number 2 { name: 'react-tools', range: '*', hasData: true }
31 silly addNameRange versions [ 'react-tools',
31 silly addNameRange   [ '0.3.0',
31 silly addNameRange     '0.3.1',
31 silly addNameRange     '0.3.2',
31 silly addNameRange     '0.3.3',
31 silly addNameRange     '0.4.0',
31 silly addNameRange     '0.4.1',
31 silly addNameRange     '0.5.0',
31 silly addNameRange     '0.5.1',
31 silly addNameRange     '0.4.2',
31 silly addNameRange     '0.5.2',
31 silly addNameRange     '0.8.0',
31 silly addNameRange     '0.9.0-rc1',
31 silly addNameRange     '0.9.0',
31 silly addNameRange     '0.10.0-rc1',
31 silly addNameRange     '0.10.0',
31 silly addNameRange     '0.11.0-rc1',
31 silly addNameRange     '0.11.0',
31 silly addNameRange     '0.11.1',
31 silly addNameRange     '0.11.2',
31 silly addNameRange     '0.12.0-rc1',
31 silly addNameRange     '0.12.0',
31 silly addNameRange     '0.12.1',
31 silly addNameRange     '0.12.2',
31 silly addNameRange     '0.13.0-alpha.1',
31 silly addNameRange     '0.13.0-alpha.2',
31 silly addNameRange     '0.13.0-beta.1',
31 silly addNameRange     '0.13.0-beta.2',
31 silly addNameRange     '0.13.0-rc1',
31 silly addNameRange     '0.13.0-rc2',
31 silly addNameRange     '0.13.0',
31 silly addNameRange     '0.13.1',
31 silly addNameRange     '0.13.2',
31 silly addNameRange     '0.13.3',
31 silly addNameRange     '0.14.0-alpha1',
31 silly addNameRange     '0.14.0-alpha2',
31 silly addNameRange     '0.14.0-alpha3' ] ]
32 verbose addNamed [ 'react-tools', '0.13.3' ]
33 verbose addNamed [ '0.13.3', '0.13.3' ]
34 silly lockFile a003229d-react-tools-0-13-3 react-tools@0.13.3
35 verbose lock react-tools@0.13.3 /home/boom/.npm/a003229d-react-tools-0-13-3.lock
36 silly lockFile a003229d-react-tools-0-13-3 react-tools@0.13.3
37 silly lockFile a003229d-react-tools-0-13-3 react-tools@0.13.3
38 silly lockFile 47fcd5e0-react-tools react-tools@
39 silly lockFile 47fcd5e0-react-tools react-tools@
40 silly resolved [ { name: 'react-tools',
40 silly resolved     description: 'A set of complementary tools to React, including the JSX transformer.',
40 silly resolved     version: '0.13.3',
40 silly resolved     keywords: [ 'react', 'jsx', 'transformer', 'view' ],
40 silly resolved     homepage: 'https://facebook.github.io/react',
40 silly resolved     bugs: { url: 'https://github.com/facebook/react/issues' },
40 silly resolved     license: 'BSD-3-Clause',
40 silly resolved     files:
40 silly resolved      [ 'main.js',
40 silly resolved        'bin/jsx',
40 silly resolved        'src/',
40 silly resolved        'vendor/fbtransform/',
40 silly resolved        'vendor/inline-source-map.js' ],
40 silly resolved     main: 'main.js',
40 silly resolved     bin: { jsx: './bin/jsx' },
40 silly resolved     repository: { type: 'git', url: 'https://github.com/facebook/react' },
40 silly resolved     dependencies: { commoner: '^0.10.0', jstransform: '^10.1.0' },
40 silly resolved     devDependencies:
40 silly resolved      { benchmark: '~1.0.0',
40 silly resolved        browserify: '^9.0.3',
40 silly resolved        'bundle-collapser': '^1.1.1',
40 silly resolved        'coffee-script': '^1.8.0',
40 silly resolved        coverify: '~1.0.4',
40 silly resolved        derequire: '^2.0.0',
40 silly resolved        envify: '^3.0.0',
40 silly resolved        es3ify: '~0.1.2',
40 silly resolved        'es5-shim': '^4.0.0',
40 silly resolved        eslint: '^0.14.1',
40 silly resolved        'esprima-fb': '^13001.1001.0-dev-harmony-fb',
40 silly resolved        grunt: '~0.4.2',
40 silly resolved        'grunt-cli': '~0.1.9',
40 silly resolved        'grunt-compare-size': '~0.4.0',
40 silly resolved        'grunt-contrib-clean': '^0.6.0',
40 silly resolved        'grunt-contrib-compress': '^0.13.0',
40 silly resolved        'grunt-contrib-connect': '~0.6.0',
40 silly resolved        'grunt-contrib-jshint': '^0.10.0',
40 silly resolved        'grunt-jest': '^0.1.2',
40 silly resolved        'gzip-js': '~0.3.2',
40 silly resolved        'jasmine-tapreporter': '~0.2.2',
40 silly resolved        'jest-cli': '^0.2.1',
40 silly resolved        optimist: '~0.6.0',
40 silly resolved        phantomjs: '~1.9',
40 silly resolved        platform: '^1.1.0',
40 silly resolved        populist: '~0.1.6',
40 silly resolved        recast: '^0.9.11',
40 silly resolved        'sauce-tunnel': '~1.1.0',
40 silly resolved        tmp: '~0.0.18',
40 silly resolved        typescript: '^1.4.0',
40 silly resolved        'uglify-js': '^2.4.20',
40 silly resolved        uglifyify: '^3.0.1',
40 silly resolved        wd: '~0.2.6' },
40 silly resolved     engines: { node: '>=0.10.0' },
40 silly resolved     preferGlobal: true,
40 silly resolved     commonerConfig: { version: 4 },
40 silly resolved     scripts:
40 silly resolved      { test: 'jest',
40 silly resolved        jest: 'jest',
40 silly resolved        lint: 'eslint src',
40 silly resolved        build: 'grunt build' },
40 silly resolved     jest:
40 silly resolved      { rootDir: '',
40 silly resolved        scriptPreprocessor: 'jest/preprocessor.js',
40 silly resolved        setupEnvScriptFile: 'jest/environment.js',
40 silly resolved        persistModuleRegistryBetweenSpecs: true,
40 silly resolved        testFileExtensions: [Object],
40 silly resolved        modulePathIgnorePatterns: [Object],
40 silly resolved        testPathIgnorePatterns: [Object],
40 silly resolved        unmockedModulePathPatterns: [Object] },
40 silly resolved     _id: 'react-tools@0.13.3',
40 silly resolved     _shasum: 'da6ac7d4d7777a59a5e951cf46e72fd4b6b40a2c',
40 silly resolved     _resolved: 'https://registry.npmjs.org/react-tools/-/react-tools-0.13.3.tgz',
40 silly resolved     _from: 'react-tools@',
40 silly resolved     _npmVersion: '2.7.3',
40 silly resolved     _nodeVersion: '0.10.38',
40 silly resolved     _npmUser: { name: 'zpao', email: 'paul@oshannessy.com' },
40 silly resolved     maintainers: [ [Object], [Object] ],
40 silly resolved     dist:
40 silly resolved      { shasum: 'da6ac7d4d7777a59a5e951cf46e72fd4b6b40a2c',
40 silly resolved        tarball: 'http://registry.npmjs.org/react-tools/-/react-tools-0.13.3.tgz' },
40 silly resolved     directories: {},
40 silly resolved     readme: 'ERROR: No README data found!' } ]
41 info install react-tools@0.13.3 into /usr/lib
42 info installOne react-tools@0.13.3
43 verbose lib/node_modules/react-tools unbuild
44 verbose tar unpack /home/boom/.npm/react-tools/0.13.3/package.tgz
45 silly lockFile eaf1e453-usr-lib-node-modules-react-tools tar:///usr/lib/node_modules/react-tools
46 verbose lock tar:///usr/lib/node_modules/react-tools /home/boom/.npm/eaf1e453-usr-lib-node-modules-react-tools.lock
47 silly lockFile c9c704a5-m-react-tools-0-13-3-package-tgz tar:///home/boom/.npm/react-tools/0.13.3/package.tgz
48 verbose lock tar:///home/boom/.npm/react-tools/0.13.3/package.tgz /home/boom/.npm/c9c704a5-m-react-tools-0-13-3-package-tgz.lock
49 silly gunzTarPerm modes [ '775', '664' ]
50 error Error: EACCES, mkdir '/usr/lib/node_modules/react-tools'
50 error  { [Error: EACCES, mkdir '/usr/lib/node_modules/react-tools']
50 error   errno: 3,
50 error   code: 'EACCES',
50 error   path: '/usr/lib/node_modules/react-tools',
50 error   fstream_type: 'Directory',
50 error   fstream_path: '/usr/lib/node_modules/react-tools',
50 error   fstream_class: 'DirWriter',
50 error   fstream_stack:
50 error    [ '/usr/lib/node_modules/npm/node_modules/fstream/lib/dir-writer.js:36:23',
50 error      '/usr/lib/node_modules/npm/node_modules/mkdirp/index.js:46:53',
50 error      'Object.oncomplete (fs.js:108:15)' ] }
51 error Please try running this command again as root/Administrator.
52 error System Linux 3.13.0-48-generic
53 error command "/usr/bin/node" "/usr/bin/npm" "install" "-g" "react-tools"
54 error cwd /home/boom/workspace/tutsreact/RTProblem
55 error node -v v0.10.37
56 error npm -v 1.4.28
57 error path /usr/lib/node_modules/react-tools
58 error fstream_path /usr/lib/node_modules/react-tools
59 error fstream_type Directory
60 error fstream_class DirWriter
61 error code EACCES
62 error errno 3
63 error stack Error: EACCES, mkdir '/usr/lib/node_modules/react-tools'
64 error fstream_stack /usr/lib/node_modules/npm/node_modules/fstream/lib/dir-writer.js:36:23
64 error fstream_stack /usr/lib/node_modules/npm/node_modules/mkdirp/index.js:46:53
64 error fstream_stack Object.oncomplete (fs.js:108:15)
65 verbose exit [ 3, true ]
